Change Component Designator: Old Designator=IC1 New Designator=IC4
Change Component Designator: Old Designator=IC2 New Designator=IC8
Change Component Designator: Old Designator=IC3 New Designator=IC6
Change Component Designator: Old Designator=IC4 New Designator=IC12
Change Component Designator: Old Designator=IC5 New Designator=IC2
Change Component Designator: Old Designator=IC6 New Designator=IC3
Change Component Designator: Old Designator=IC7 New Designator=IC1
Change Component Designator: Old Designator=IC8 New Designator=IC5
Change Component Designator: Old Designator=IC10 New Designator=IC7
Change Component Designator: Old Designator=IC17 New Designator=IC10
Change Component Designator: Old Designator=IC18 New Designator=IC11
Change Component Designator: Old Designator=L1 New Designator=L2
Change Component Designator: Old Designator=L? New Designator=L1
Change Component Designator: Old Designator=R1 New Designator=R2
Change Component Designator: Old Designator=R2 New Designator=R6
Change Component Designator: Old Designator=R4 New Designator=R1
Change Component Designator: Old Designator=R8 New Designator=R5
Change Component Designator: Old Designator=R10 New Designator=R4
Change Component Designator: Old Designator=R12 New Designator=R8
Change Component Designator: Old Designator=R15 New Designator=R7
Change Component Designator: Old Designator=R? New Designator=R9
Change Component Designator: Old Designator=R? New Designator=R10
Change Component Designator: Old Designator=R? New Designator=R11
Change Component Designator: Old Designator=R? New Designator=R12
Change Component Designator: Old Designator=REL11 New Designator=REL1
Change Component Designator: Old Designator=X1 New Designator=X5
Change Component Designator: Old Designator=X2 New Designator=X16
Change Component Designator: Old Designator=X3 New Designator=X18
Change Component Designator: Old Designator=X4 New Designator=X23
Change Component Designator: Old Designator=X5 New Designator=X24
Change Component Designator: Old Designator=X6 New Designator=X17
Change Component Designator: Old Designator=X7 New Designator=X1
Change Component Designator: Old Designator=X8 New Designator=X2
Change Component Designator: Old Designator=X9 New Designator=X14
Change Component Designator: Old Designator=X10 New Designator=X13
Change Component Designator: Old Designator=X11 New Designator=X3
Change Component Designator: Old Designator=X12 New Designator=X4
Change Component Designator: Old Designator=X13 New Designator=X8
Change Component Designator: Old Designator=X14 New Designator=X9
Change Component Designator: Old Designator=X15 New Designator=X10
Change Component Designator: Old Designator=X16 New Designator=X11
Change Component Designator: Old Designator=X17 New Designator=X6
Change Component Designator: Old Designator=X18 New Designator=X7
Change Component Designator: Old Designator=X22 New Designator=X15
Change Component Designator: Old Designator=X? New Designator=X12
Change Component Designator: Old Designator=X? New Designator=X19
Change Component Designator: Old Designator=X? New Designator=X20
Change Component Designator: Old Designator=X? New Designator=X21
Change Component Designator: Old Designator=X? New Designator=X22
