Removed Pin From Net: NetName=NetIC3_1 Pin=IC3-1
Removed Pin From Net: NetName=NetIC3_1 Pin=IC3-5
Removed Pin From Net: NetName=UB+ Pin=IC3-T
Removed Pin From Net: NetName=NORMCLOSE Pin=IC11-1
Removed Pin From Net: NetName=GND Pin=IC13-3
Removed Pin From Net: NetName=PARKING BREAK Pin=IC13-4
Removed Pin From Net: NetName=GND Pin=IC15-3
Removed Pin From Net: NetName=NIVCOD Pin=IC15-4
Removed Pin From Net: NetName=NIVCOD_RES Pin=IC16-1
Removed Pin From Net: NetName=PCGND Pin=IC16-2
Removed Pin From Net: NetName=SOUND Pin=IC17-1
Removed Pin From Net: NetName=NetC1_1 Pin=L1-1
Removed Pin From Net: NetName=V5 Pin=L1-2
Removed Pin From Net: NetName=NORMCLOSE Pin=R5-1
Removed Pin From Net: NetName=V5 Pin=R5-2
Removed Pin From Net: NetName=V5 Pin=R6-2
Removed Pin From Net: NetName=GND Pin=R8-1
Removed Pin From Net: NetName=NetIC14_1 Pin=R9-1
Removed Pin From Net: NetName=V5 Pin=R9-2
Removed Pin From Net: NetName=NIVCOD_RES Pin=R11-1
Removed Pin From Net: NetName=V5 Pin=R11-2
Removed Pin From Net: NetName=NetIC15_1 Pin=R13-1
Removed Pin From Net: NetName=GND Pin=R14-1
Removed Pin From Net: NetName=SOUND Pin=R15-1
Removed Pin From Net: NetName=NetREL16_1 Pin=REL16-1
Removed Pin From Net: NetName=NetREL16_7 Pin=REL16-7
Removed Pin From Net: NetName=NetREL16_7 Pin=REL16-8
Removed Pin From Net: NetName=NetREL16_14 Pin=REL16-14
Removed Pin From Net: NetName=NetREL18_7 Pin=REL18-7
Removed Pin From Net: NetName=NetREL18_7 Pin=REL18-8
Removed Pin From Net: NetName=CENTRONIX 1 Pin=X2-1
Removed Pin From Net: NetName=CENTRONIX 3 Pin=X2-2
Removed Pin From Net: NetName=CENTRONIX 5 Pin=X2-3
Removed Pin From Net: NetName=CENTRONIX 7 Pin=X2-4
Removed Pin From Net: NetName=CENTRONIX 9 Pin=X2-5
Removed Pin From Net: NetName=CENTRONIX 11 Pin=X2-6
Removed Pin From Net: NetName=CENTRONIX 13 Pin=X2-7
Removed Pin From Net: NetName=CENTRONIX 15 Pin=X2-8
Removed Pin From Net: NetName=CENTRONIX 17 Pin=X2-9
Removed Pin From Net: NetName=CENTRONIX 19 Pin=X2-10
Removed Pin From Net: NetName=CENTRONIX 21 Pin=X2-11
Removed Pin From Net: NetName=CENTRONIX 23 Pin=X2-12
Removed Pin From Net: NetName=CENTRONIX 25 Pin=X2-13
Removed Pin From Net: NetName=CENTRONIX 27 Pin=X2-14
Removed Pin From Net: NetName=CENTRONIX 29 Pin=X2-15
Removed Pin From Net: NetName=CENTRONIX 31 Pin=X2-16
Removed Pin From Net: NetName=CENTRONIX 33 Pin=X2-17
Removed Pin From Net: NetName=CENTRONIX 35 Pin=X2-18
Removed Pin From Net: NetName=CENTRONIX 37 Pin=X2-19
Removed Pin From Net: NetName=CENTRONIX 39 Pin=X2-20
Removed Pin From Net: NetName=CENTRONIX 2 Pin=X3-1
Removed Pin From Net: NetName=CENTRONIX 4 Pin=X3-2
Removed Pin From Net: NetName=CENTRONIX 6 Pin=X3-3
Removed Pin From Net: NetName=CENTRONIX 8 Pin=X3-4
Removed Pin From Net: NetName=CENTRONIX 10 Pin=X3-5
Removed Pin From Net: NetName=CENTRONIX 12 Pin=X3-6
Removed Pin From Net: NetName=CENTRONIX 14 Pin=X3-7
Removed Pin From Net: NetName=CENTRONIX 16 Pin=X3-8
Removed Pin From Net: NetName=CENTRONIX 18 Pin=X3-9
Removed Pin From Net: NetName=CENTRONIX 20 Pin=X3-10
Removed Pin From Net: NetName=CENTRONIX 22 Pin=X3-11
Removed Pin From Net: NetName=CENTRONIX 24 Pin=X3-12
Removed Pin From Net: NetName=CENTRONIX 26 Pin=X3-13
Removed Pin From Net: NetName=CENTRONIX 28 Pin=X3-14
Removed Pin From Net: NetName=CENTRONIX 30 Pin=X3-15
Removed Pin From Net: NetName=CENTRONIX 32 Pin=X3-16
Removed Pin From Net: NetName=CENTRONIX 34 Pin=X3-17
Removed Pin From Net: NetName=CENTRONIX 36 Pin=X3-18
Removed Pin From Net: NetName=CENTRONIX 38 Pin=X3-19
Removed Pin From Net: NetName=CENTRONIX 40 Pin=X3-20
Removed Pin From Net: NetName=NetREL14_1 Pin=X19-1
Removed Pin From Net: NetName=NetREL14_7 Pin=X19-2
Removed Pin From Net: NetName=NetREL14_14 Pin=X19-3
Removed Pin From Net: NetName=NetREL16_1 Pin=X20-1
Removed Pin From Net: NetName=NetREL16_7 Pin=X20-2
Removed Pin From Net: NetName=NetREL16_14 Pin=X20-3
Removed Pin From Net: NetName=NetREL18_7 Pin=X21-2
Change Component DesignItemId : Designator=L1 Old DesignItemId=Inductor New DesignItemId=Uebertrager
Change Component DesignItemId : Designator=X20 Old DesignItemId=Jumper-3 New DesignItemId=Anschlusspin
Change Component DesignItemId : Designator=X19 Old DesignItemId=Jumper-3 New DesignItemId=Jumper-2
Change Component DesignItemId : Designator=X21 Old DesignItemId=Jumper-3 New DesignItemId=Jumper-2
Change Component Footprint: Designator=X20 Old Footprint=Buchse_1x3 New Footprint=Loetoese-3.2
Change Component Footprint: Designator=X19 Old Footprint=Buchse_1x3 New Footprint=Stifte_1x2
Change Component Footprint: Designator=X21 Old Footprint=Buchse_1x3 New Footprint=Stifte_1x2
Change Component Footprint: Designator=L1 Old Footprint=L_B82464-G4 New Footprint=SM-LP
Change Component Footprint: Designator=R5 Old Footprint=R0603MD New Footprint=R0603HD
Change Component Comment : Designator=R14 Old Comment=1k5 New Comment=330R
Change Component Comment : Designator=L1 Old Comment=47uH New Comment=SM-LP-5001
Change Component Comment : Designator=R15 Old Comment=240R New Comment=330R
Change Component Comment : Designator=R5 Old Comment=330R New Comment=1k
Change Component Comment : Designator=R11 Old Comment=330R New Comment=10R
Change Component Comment : Designator=R9 Old Comment=330R New Comment=100R
Change Component Comment : Designator=R7 Old Comment=330R New Comment=240R
Change Component Comment : Designator=X21 Old Comment=Jumper-3 New Comment=LP in
Change Component Comment : Designator=X20 Old Comment=Jumper-3 New Comment=UBout3
Change Component Comment : Designator=X19 Old Comment=Jumper-3 New Comment=UB Switch
Change Component Designator: OldDesignator=IC1 NewDesignator=IC4
Change Component Designator: OldDesignator=IC2 NewDesignator=IC8
Change Component Designator: OldDesignator=IC4 NewDesignator=IC12
Change Component Designator: OldDesignator=IC5 NewDesignator=IC2
Change Component Designator: OldDesignator=IC6 NewDesignator=IC3
Change Component Designator: OldDesignator=IC7 NewDesignator=IC1
Change Component Designator: OldDesignator=IC8 NewDesignator=IC5
Change Component Designator: OldDesignator=IC10 NewDesignator=IC7
Change Component Designator: OldDesignator=R1 NewDesignator=R2
Change Component Designator: OldDesignator=R2 NewDesignator=R6
Change Component Designator: OldDesignator=R4 NewDesignator=R1
Change Component Designator: OldDesignator=R10 NewDesignator=R4
Change Component Designator: OldDesignator=R12 NewDesignator=R8
Change Component Designator: OldDesignator=REL1 NewDesignator=REL2
Change Component Designator: OldDesignator=REL2 NewDesignator=REL6
Change Component Designator: OldDesignator=REL3 NewDesignator=REL4
Change Component Designator: OldDesignator=REL4 NewDesignator=REL3
Change Component Designator: OldDesignator=REL5 NewDesignator=REL7
Change Component Designator: OldDesignator=REL6 NewDesignator=REL5
Change Component Designator: OldDesignator=REL7 NewDesignator=REL8
Change Component Designator: OldDesignator=REL8 NewDesignator=REL9
Change Component Designator: OldDesignator=REL9 NewDesignator=REL10
Change Component Designator: OldDesignator=REL10 NewDesignator=REL11
Change Component Designator: OldDesignator=REL11 NewDesignator=REL1
Change Component Designator: OldDesignator=REL16 NewDesignator=REL15
Change Component Designator: OldDesignator=REL18 NewDesignator=REL16
Change Component Designator: OldDesignator=X1 NewDesignator=X5
Change Component Designator: OldDesignator=X4 NewDesignator=X23
Change Component Designator: OldDesignator=X5 NewDesignator=X24
Change Component Designator: OldDesignator=X6 NewDesignator=X17
Change Component Designator: OldDesignator=X7 NewDesignator=X1
Change Component Designator: OldDesignator=X8 NewDesignator=X2
Change Component Designator: OldDesignator=X9 NewDesignator=X14
Change Component Designator: OldDesignator=X10 NewDesignator=X13
Change Component Designator: OldDesignator=X11 NewDesignator=X3
Change Component Designator: OldDesignator=X12 NewDesignator=X4
Change Component Designator: OldDesignator=X13 NewDesignator=X8
Change Component Designator: OldDesignator=X14 NewDesignator=X9
Change Component Designator: OldDesignator=X15 NewDesignator=X10
Change Component Designator: OldDesignator=X16 NewDesignator=X11
Change Component Designator: OldDesignator=X17 NewDesignator=X6
Change Component Designator: OldDesignator=X18 NewDesignator=X7
Change Component Designator: OldDesignator=X22 NewDesignator=X15
Change Component Library : Designator=R9 Old Library=RCL - SSH_neu.SchLib New Library=RF_RCL - SSH.SchLib
Change Component Library : Designator=R11 Old Library=RCL - SSH_neu.SchLib New Library=RF_RCL - SSH.SchLib
Added Component: Designator=IC6(TO252-5_MD_(DPAK))
Added Component: Designator=IC10(SO-4)
Added Component: Designator=IC19(SO-4)
Added Component: Designator=IC20(SO-4)
Added Component: Designator=IC21(SO-4)
Added Component: Designator=IC22(SO-4)
Added Component: Designator=IC23(SO-4)
Added Component: Designator=IC24(SO-4)
Added Component: Designator=IC25(SO-4)
Added Component: Designator=IC26(SO-4)
Added Component: Designator=IC27(SO-4)
Added Component: Designator=L2(L_B82464-G4)
Added Component: Designator=R10(R0805MD)
Added Component: Designator=R12(R0603MD)
Added Component: Designator=R16(R0603MD)
Added Component: Designator=R17(R0603MD)
Added Component: Designator=R18(R0603MD)
Added Component: Designator=R19(R0603MD)
Added Component: Designator=R20(R0603MD)
Added Component: Designator=R21(R0603MD)
Added Component: Designator=R22(R0603MD)
Added Component: Designator=R23(R0805MD)
Added Component: Designator=R24(R0805MD)
Added Component: Designator=R25(R0805MD)
Added Component: Designator=R26(R0603MD)
Added Component: Designator=R27(R0603MD)
Added Component: Designator=R28(R0805MD)
Added Component: Designator=R29(R0805MD)
Added Component: Designator=REL17(DIP14 - HE700)
Added Component: Designator=REL18(DIP14 - HE700)
Added Component: Designator=X12(Loetoese-3.2)
Added Component: Designator=X16(Stifte_1x20)
Added Component: Designator=X18(Stifte_1x20)
Added Component: Designator=X22(Stifte_1x2)
Added Component: Designator=X25(Buchse_1x3)
Added Component: Designator=X26(Buchse_1x3)
Added Component: Designator=X27(Buchse_1x3)
Added Pin To Net: NetName=NetIC3_1 Pin=IC6-1
Added Pin To Net: NetName=NetIC3_1 Pin=IC6-5
Added Pin To Net: NetName=UB+ Pin=IC6-T
Added Pin To Net: NetName=SOUND Pin=IC10-1
Added Pin To Net: NetName=NORMCLOSE Pin=IC13-1
Added Pin To Net: NetName=PCGND Pin=IC13-2
Added Pin To Net: NetName=PARKING BREAK Pin=IC14-2
Added Pin To Net: NetName=GND Pin=IC16-3
Added Pin To Net: NetName=GND Pin=IC17-3
Added Pin To Net: NetName=NIVCOD_RES Pin=IC18-1
Added Pin To Net: NetName=NIVCOD Pin=IC18-4
Added Pin To Net: NetName=PCGND Pin=IC19-2
Added Pin To Net: NetName=V5 Pin=IC19-3
Added Pin To Net: NetName=PCGND Pin=IC20-2
Added Pin To Net: NetName=PCGND Pin=IC22-2
Added Pin To Net: NetName=GND Pin=IC22-3
Added Pin To Net: NetName=PCGND Pin=IC27-2
Added Pin To Net: NetName=NetC1_1 Pin=L2-1
Added Pin To Net: NetName=V5 Pin=L2-2
Added Pin To Net: NetName=GND Pin=R5-1
Added Pin To Net: NetName=SOUND Pin=R7-1
Added Pin To Net: NetName=NORMCLOSE Pin=R13-1
Added Pin To Net: NetName=NetIC14_1 Pin=R14-1
Added Pin To Net: NetName=V5 Pin=R14-2
Added Pin To Net: NetName=NetIC15_1 Pin=R15-1
Added Pin To Net: NetName=NIVCOD_RES Pin=R16-1
Added Pin To Net: NetName=V5 Pin=R16-2
Added Pin To Net: NetName=V5 Pin=R17-2
Added Pin To Net: NetName=V5 Pin=R18-2
Added Pin To Net: NetName=GND Pin=R19-1
Added Pin To Net: NetName=V5 Pin=R20-2
Added Pin To Net: NetName=V5 Pin=R21-2
Added Pin To Net: NetName=V5 Pin=R22-2
Added Pin To Net: NetName=V5 Pin=R26-2
Added Pin To Net: NetName=V5 Pin=R27-2
Added Pin To Net: NetName=NetREL16_1 Pin=REL16-1
Added Pin To Net: NetName=NetREL16_7 Pin=REL16-7
Added Pin To Net: NetName=NetREL16_7 Pin=REL16-8
Added Pin To Net: NetName=NetREL16_14 Pin=REL16-14
Added Pin To Net: NetName=V5 Pin=REL17-2
Added Pin To Net: NetName=V5 Pin=REL18-2
Added Pin To Net: NetName=NetREL18_7 Pin=REL18-7
Added Pin To Net: NetName=NetREL18_7 Pin=REL18-8
Added Pin To Net: NetName=OUT2 Pin=X12-1
Added Pin To Net: NetName=CENTRONIX 1 Pin=X16-1
Added Pin To Net: NetName=CENTRONIX 3 Pin=X16-2
Added Pin To Net: NetName=CENTRONIX 5 Pin=X16-3
Added Pin To Net: NetName=CENTRONIX 7 Pin=X16-4
Added Pin To Net: NetName=CENTRONIX 9 Pin=X16-5
Added Pin To Net: NetName=CENTRONIX 11 Pin=X16-6
Added Pin To Net: NetName=CENTRONIX 13 Pin=X16-7
Added Pin To Net: NetName=CENTRONIX 15 Pin=X16-8
Added Pin To Net: NetName=CENTRONIX 17 Pin=X16-9
Added Pin To Net: NetName=CENTRONIX 19 Pin=X16-10
Added Pin To Net: NetName=CENTRONIX 21 Pin=X16-11
Added Pin To Net: NetName=CENTRONIX 23 Pin=X16-12
Added Pin To Net: NetName=CENTRONIX 25 Pin=X16-13
Added Pin To Net: NetName=CENTRONIX 27 Pin=X16-14
Added Pin To Net: NetName=CENTRONIX 29 Pin=X16-15
Added Pin To Net: NetName=CENTRONIX 31 Pin=X16-16
Added Pin To Net: NetName=CENTRONIX 33 Pin=X16-17
Added Pin To Net: NetName=CENTRONIX 35 Pin=X16-18
Added Pin To Net: NetName=CENTRONIX 37 Pin=X16-19
Added Pin To Net: NetName=CENTRONIX 39 Pin=X16-20
Added Pin To Net: NetName=CENTRONIX 2 Pin=X18-1
Added Pin To Net: NetName=CENTRONIX 4 Pin=X18-2
Added Pin To Net: NetName=CENTRONIX 6 Pin=X18-3
Added Pin To Net: NetName=CENTRONIX 8 Pin=X18-4
Added Pin To Net: NetName=CENTRONIX 10 Pin=X18-5
Added Pin To Net: NetName=CENTRONIX 12 Pin=X18-6
Added Pin To Net: NetName=CENTRONIX 14 Pin=X18-7
Added Pin To Net: NetName=CENTRONIX 16 Pin=X18-8
Added Pin To Net: NetName=CENTRONIX 18 Pin=X18-9
Added Pin To Net: NetName=CENTRONIX 20 Pin=X18-10
Added Pin To Net: NetName=CENTRONIX 22 Pin=X18-11
Added Pin To Net: NetName=CENTRONIX 24 Pin=X18-12
Added Pin To Net: NetName=CENTRONIX 26 Pin=X18-13
Added Pin To Net: NetName=CENTRONIX 28 Pin=X18-14
Added Pin To Net: NetName=CENTRONIX 30 Pin=X18-15
Added Pin To Net: NetName=CENTRONIX 32 Pin=X18-16
Added Pin To Net: NetName=CENTRONIX 34 Pin=X18-17
Added Pin To Net: NetName=CENTRONIX 36 Pin=X18-18
Added Pin To Net: NetName=CENTRONIX 38 Pin=X18-19
Added Pin To Net: NetName=CENTRONIX 40 Pin=X18-20
Added Pin To Net: NetName=OUT3 Pin=X20-1
Added Pin To Net: NetName=NetREL14_1 Pin=X25-1
Added Pin To Net: NetName=NetREL14_7 Pin=X25-2
Added Pin To Net: NetName=NetREL14_14 Pin=X25-3
Added Pin To Net: NetName=NetREL16_1 Pin=X27-1
Added Pin To Net: NetName=NetREL16_7 Pin=X27-2
Added Pin To Net: NetName=NetREL16_14 Pin=X27-3
Change Net Name : Old Net Name=NetIC1_2 New Net Name=NetIC4_2
Change Net Name : Old Net Name=NetIC1_4 New Net Name=NetIC4_4
Change Net Name : Old Net Name=NetIC2_2 New Net Name=NetIC8_2
Change Net Name : Old Net Name=NetIC2_4 New Net Name=NetIC8_4
Change Net Name : Old Net Name=NetIC3_1 New Net Name=NetIC6_1
Change Net Name : Old Net Name=NetIC7_4 New Net Name=NetIC1_4
Change Net Name : Old Net Name=NetIC7_5 New Net Name=NetIC1_5
Change Net Name : Old Net Name=NetIC8_1 New Net Name=NetIC5_1
Change Net Name : Old Net Name=NetIC10_1 New Net Name=NetIC7_1
Change Net Name : Old Net Name=NetREL1_1 New Net Name=NetREL2_1
Change Net Name : Old Net Name=NetREL1_14 New Net Name=NetREL2_14
Change Net Name : Old Net Name=NetREL4_1 New Net Name=NetREL3_1
Change Net Name : Old Net Name=NetREL4_14 New Net Name=NetREL3_14
Change Net Name : Old Net Name=NetREL7_1 New Net Name=NetREL8_1
Change Net Name : Old Net Name=NetREL7_14 New Net Name=NetREL8_14
Change Net Name : Old Net Name=NetREL8_1 New Net Name=NetREL9_1
Change Net Name : Old Net Name=NetREL8_14 New Net Name=NetREL9_14
Change Net Name : Old Net Name=NIVCOD_GND New Net Name=NORMOPEN
Change Net Name : Old Net Name=WASHER New Net Name=PARKING BREAK-NO
Added Pin To Net: NetName=+ADAC Pin=IC20-4
Added Net: Name=+ADAC
Added Pin To Net: NetName=-ADAC Pin=IC21-3
Added Pin To Net: NetName=-ADAC Pin=IC23-3
Added Pin To Net: NetName=-ADAC Pin=IC24-3
Added Pin To Net: NetName=-ADAC Pin=IC25-3
Added Pin To Net: NetName=-ADAC Pin=IC26-3
Added Pin To Net: NetName=-ADAC Pin=IC27-3
Added Net: Name=-ADAC
Added Pin To Net: NetName=ADAC_E Pin=IC26-2
Added Pin To Net: NetName=ADAC_E Pin=IC27-1
Added Pin To Net: NetName=ADAC_E Pin=R26-1
Added Net: Name=ADAC_E
Added Pin To Net: NetName=ADAC Pin=IC20-1
Added Pin To Net: NetName=ADAC Pin=R21-1
Added Net: Name=ADAC
Added Pin To Net: NetName=DAY/NIGHT-NC Pin=IC22-4
Added Net: Name=DAY/NIGHT-NC
Added Pin To Net: NetName=DAY/NIGHT Pin=IC22-1
Added Pin To Net: NetName=DAY/NIGHT Pin=R22-1
Added Net: Name=DAY/NIGHT
Added Pin To Net: NetName=NetIC6_2 Pin=IC6-2
Added Pin To Net: NetName=NetIC6_2 Pin=IC7-4
Added Net: Name=NetIC6_2
Added Pin To Net: NetName=NetIC6_4 Pin=IC6-4
Added Pin To Net: NetName=NetIC6_4 Pin=R5-2
Added Net: Name=NetIC6_4
Added Pin To Net: NetName=NetIC10_2 Pin=IC10-2
Added Pin To Net: NetName=NetIC10_2 Pin=IC11-1
Added Net: Name=NetIC10_2
Added Pin To Net: NetName=NetIC10_3 Pin=IC10-3
Added Pin To Net: NetName=NetIC10_3 Pin=R9-2
Added Pin To Net: NetName=NetIC10_3 Pin=R10-2
Added Net: Name=NetIC10_3
Added Pin To Net: NetName=NetIC10_4 Pin=IC10-4
Added Pin To Net: NetName=NetIC10_4 Pin=X21-1
Added Net: Name=NetIC10_4
Added Pin To Net: NetName=NetIC11_3 Pin=IC11-3
Added Pin To Net: NetName=NetIC11_3 Pin=L1-3
Added Pin To Net: NetName=NetIC11_3 Pin=R10-1
Added Pin To Net: NetName=NetIC11_3 Pin=R11-1
Added Net: Name=NetIC11_3
Added Pin To Net: NetName=NetIC11_4 Pin=IC11-4
Added Pin To Net: NetName=NetIC11_4 Pin=X21-2
Added Net: Name=NetIC11_4
Added Pin To Net: NetName=NetIC16_1 Pin=IC16-1
Added Pin To Net: NetName=NetIC16_1 Pin=R17-1
Added Net: Name=NetIC16_1
Added Pin To Net: NetName=NetIC17_1 Pin=IC17-1
Added Pin To Net: NetName=NetIC17_1 Pin=R18-1
Added Net: Name=NetIC17_1
Added Pin To Net: NetName=NetIC18_3 Pin=IC18-3
Added Pin To Net: NetName=NetIC18_3 Pin=R19-2
Added Net: Name=NetIC18_3
Added Pin To Net: NetName=NetIC20_3 Pin=IC20-3
Added Pin To Net: NetName=NetIC20_3 Pin=IC21-4
Added Pin To Net: NetName=NetIC20_3 Pin=R23-2
Added Net: Name=NetIC20_3
Added Pin To Net: NetName=NetIC21_1 Pin=IC21-1
Added Pin To Net: NetName=NetIC21_1 Pin=IC23-1
Added Pin To Net: NetName=NetIC21_1 Pin=IC24-1
Added Pin To Net: NetName=NetIC21_1 Pin=IC25-1
Added Net: Name=NetIC21_1
Added Pin To Net: NetName=NetIC23_4 Pin=IC23-4
Added Pin To Net: NetName=NetIC23_4 Pin=R23-1
Added Pin To Net: NetName=NetIC23_4 Pin=R24-2
Added Net: Name=NetIC23_4
Added Pin To Net: NetName=NetIC24_4 Pin=IC24-4
Added Pin To Net: NetName=NetIC24_4 Pin=R24-1
Added Pin To Net: NetName=NetIC24_4 Pin=R25-2
Added Net: Name=NetIC24_4
Added Pin To Net: NetName=NetIC25_4 Pin=IC25-4
Added Pin To Net: NetName=NetIC25_4 Pin=R25-1
Added Pin To Net: NetName=NetIC25_4 Pin=R28-2
Added Pin To Net: NetName=NetIC25_4 Pin=R29-2
Added Net: Name=NetIC25_4
Added Pin To Net: NetName=NetIC26_1 Pin=IC26-1
Added Pin To Net: NetName=NetIC26_1 Pin=R27-1
Added Net: Name=NetIC26_1
Added Pin To Net: NetName=NetIC26_4 Pin=IC26-4
Added Pin To Net: NetName=NetIC26_4 Pin=R28-1
Added Net: Name=NetIC26_4
Added Pin To Net: NetName=NetIC27_4 Pin=IC27-4
Added Pin To Net: NetName=NetIC27_4 Pin=R29-1
Added Net: Name=NetIC27_4
Added Pin To Net: NetName=NetL1_1 Pin=L1-1
Added Pin To Net: NetName=NetL1_1 Pin=R9-1
Added Pin To Net: NetName=NetL1_1 Pin=R11-2
Added Net: Name=NetL1_1
Added Pin To Net: NetName=NetL1_5 Pin=L1-5
Added Pin To Net: NetName=NetL1_5 Pin=R12-1
Added Pin To Net: NetName=NetL1_5 Pin=X22-2
Added Net: Name=NetL1_5
Added Pin To Net: NetName=NetL1_6 Pin=L1-6
Added Pin To Net: NetName=NetL1_6 Pin=R12-2
Added Pin To Net: NetName=NetL1_6 Pin=X22-1
Added Net: Name=NetL1_6
Added Pin To Net: NetName=NetR2_2 Pin=R2-2
Added Pin To Net: NetName=NetR2_2 Pin=X19-1
Added Net: Name=NetR2_2
Added Pin To Net: NetName=NetR6_2 Pin=R6-2
Added Pin To Net: NetName=NetR6_2 Pin=X19-2
Added Net: Name=NetR6_2
Added Pin To Net: NetName=NetREL15_1 Pin=REL15-1
Added Pin To Net: NetName=NetREL15_1 Pin=X26-1
Added Net: Name=NetREL15_1
Added Pin To Net: NetName=NetREL15_7 Pin=REL15-7
Added Pin To Net: NetName=NetREL15_7 Pin=REL15-8
Added Pin To Net: NetName=NetREL15_7 Pin=X26-2
Added Net: Name=NetREL15_7
Added Pin To Net: NetName=NetREL15_14 Pin=REL15-14
Added Pin To Net: NetName=NetREL15_14 Pin=X26-3
Added Net: Name=NetREL15_14
Added Pin To Net: NetName=NetREL17_7 Pin=REL17-7
Added Pin To Net: NetName=NetREL17_7 Pin=REL17-8
Added Net: Name=NetREL17_7
Added Pin To Net: NetName=NIVCOD_GND Pin=IC16-2
Added Net: Name=NIVCOD_GND
Added Pin To Net: NetName=PWM-IN Pin=REL17-6
Added Pin To Net: NetName=PWM-IN Pin=REL18-6
Added Net: Name=PWM-IN
Added Pin To Net: NetName=S1 Pin=IC21-2
Added Net: Name=S1
Added Pin To Net: NetName=S2 Pin=IC23-2
Added Net: Name=S2
Added Pin To Net: NetName=S3 Pin=IC24-2
Added Net: Name=S3
Added Pin To Net: NetName=S4 Pin=IC25-2
Added Net: Name=S4
Added Pin To Net: NetName=SRB-NC Pin=IC19-4
Added Net: Name=SRB-NC
Added Pin To Net: NetName=SRB Pin=IC19-1
Added Pin To Net: NetName=SRB Pin=R20-1
Added Net: Name=SRB
Added Pin To Net: NetName=WASHER-NO Pin=IC17-4
Added Net: Name=WASHER-NO
Added Pin To Net: NetName=WASHER Pin=IC17-2
Added Net: Name=WASHER
