Added Pin To Net: NetName=NetC1_1 Pin=C1-1
Added Pin To Net: NetName=NetC1_2 Pin=C1-2
Added Pin To Net: NetName=GND Pin=C2-N
Added Pin To Net: NetName=UB+ Pin=C2-P
Added Pin To Net: NetName=GND Pin=C3-N
Added Pin To Net: NetName=V5 Pin=C3-P
Added Pin To Net: NetName=NetD1_1 Pin=D1-1
Added Pin To Net: NetName=NetD1_1 Pin=D1-3
Added Pin To Net: NetName=UB+ Pin=D1-4
Added Pin To Net: NetName=NetD1_1 Pin=D2-1
Added Pin To Net: NetName=GND Pin=D2-2
Added Pin To Net: NetName=NetC1_1 Pin=D3-1
Added Pin To Net: NetName=GND Pin=D3-2
Added Pin To Net: NetName=NetIC1_1 Pin=IC1-1
Added Pin To Net: NetName=NetIC1_2 Pin=IC1-2
Added Pin To Net: NetName=NetIC1_4 Pin=IC1-4
Added Pin To Net: NetName=NetIC1_1 Pin=IC1-5
Added Pin To Net: NetName=UB+ Pin=IC1-T
Added Pin To Net: NetName=NetIC2_1 Pin=IC2-1
Added Pin To Net: NetName=NetIC2_2 Pin=IC2-2
Added Pin To Net: NetName=NetIC2_4 Pin=IC2-4
Added Pin To Net: NetName=NetIC2_1 Pin=IC2-5
Added Pin To Net: NetName=UB+ Pin=IC2-T
Added Pin To Net: NetName=NetIC3_1 Pin=IC3-1
Added Pin To Net: NetName=NetIC3_2 Pin=IC3-2
Added Pin To Net: NetName=NetIC3_4 Pin=IC3-4
Added Pin To Net: NetName=NetIC3_1 Pin=IC3-5
Added Pin To Net: NetName=UB+ Pin=IC3-T
Added Pin To Net: NetName=NetC1_2 Pin=IC4-1
Added Pin To Net: NetName=V5 Pin=IC4-4
Added Pin To Net: NetName=GND Pin=IC4-6
Added Pin To Net: NetName=UB+ Pin=IC4-7
Added Pin To Net: NetName=NetC1_1 Pin=IC4-8
Added Pin To Net: NetName=NetC1_1 Pin=L1-1
Added Pin To Net: NetName=V5 Pin=L1-2
Added Pin To Net: NetName=NetR1_1 Pin=R1-1
Added Pin To Net: NetName=NetIC1_2 Pin=R1-2
Added Pin To Net: NetName=NetR2_1 Pin=R2-1
Added Pin To Net: NetName=NetIC2_2 Pin=R2-2
Added Pin To Net: NetName=NetR3_1 Pin=R3-1
Added Pin To Net: NetName=NetIC3_2 Pin=R3-2
Added Pin To Net: NetName=NetR4_1 Pin=R4-1
Added Pin To Net: NetName=NetR5_1 Pin=R5-1
Added Pin To Net: NetName=NetR6_1 Pin=R6-1
Added Pin To Net: NetName=GND Pin=R7-1
Added Pin To Net: NetName=NetR4_1 Pin=R7-2
Added Pin To Net: NetName=GND Pin=R8-1
Added Pin To Net: NetName=NetIC3_4 Pin=R8-2
Added Pin To Net: NetName=GND Pin=R9-1
Added Pin To Net: NetName=NetR5_1 Pin=R9-2
Added Pin To Net: NetName=GND Pin=R10-1
Added Pin To Net: NetName=NetIC1_4 Pin=R10-2
Added Pin To Net: NetName=GND Pin=R11-1
Added Pin To Net: NetName=NetR6_1 Pin=R11-2
Added Pin To Net: NetName=GND Pin=R12-1
Added Pin To Net: NetName=NetIC2_4 Pin=R12-2
Added Pin To Net: NetName=NetR5_1 Pin=T1-1
Added Pin To Net: NetName=GND Pin=T1-2
Added Pin To Net: NetName=NetR1_1 Pin=T1-3
Added Pin To Net: NetName=NetR6_1 Pin=T2-1
Added Pin To Net: NetName=GND Pin=T2-2
Added Pin To Net: NetName=NetR2_1 Pin=T2-3
Added Pin To Net: NetName=NetR4_1 Pin=T3-1
Added Pin To Net: NetName=GND Pin=T3-2
Added Pin To Net: NetName=NetR3_1 Pin=T3-3
Added Pin To Net: NetName=NetD1_1 Pin=TP1-1
Added Pin To Net: NetName=NetD1_1 Pin=X4-1
Added Pin To Net: NetName=NetD1_1 Pin=X4-1
Added Pin To Net: NetName=GND Pin=X5-1
Added Pin To Net: NetName=GND Pin=X5-1
