Removed Pin From Net: NetName=OUT1 Pin=IC3-1
Removed Pin From Net: NetName=OUT1 Pin=IC3-5
Removed Pin From Net: NetName=NetIC3_2 Pin=R3-2
Added Component: Designator=R1(R2512HD)
Added Component: Designator=X9(Loetoese-3.2)
Added Component: Designator=X10(Loetoese-3.2)
Added Pin To Net: NetName=OUT1 Pin=R1-2
Added Pin To Net: NetName=NetIC3_2 Pin=R3-1
Added Pin To Net: NetName=OUT1 Pin=REL11-4
Added Pin To Net: NetName=V5 Pin=REL11-6
Added Pin To Net: NetName=OUT1 Pin=X9-1
Added Pin To Net: NetName=NetIC3_1 Pin=IC3-1
Added Pin To Net: NetName=NetIC3_1 Pin=IC3-5
Added Pin To Net: NetName=NetIC3_1 Pin=R1-1
Added Pin To Net: NetName=NetIC3_1 Pin=REL11-1
Added Pin To Net: NetName=NetIC3_1 Pin=REL11-8
Added Pin To Net: NetName=NetIC3_1 Pin=X10-1
Added Net: Name=NetIC3_1
Added Pin To Net: NetName=NetR3_2 Pin=R3-2
Added Pin To Net: NetName=NetR3_2 Pin=T3-3
Added Net: Name=NetR3_2
Added Pin To Net: NetName=SHUNT Pin=REL11-3
Added Net: Name=SHUNT
